<?xml version="1.0" encoding="UTF-8"?>
<testsuite xmlns:xsi="http://www.w3.org/2001/XMLSchema-instance" xsi:noNamespaceSchemaLocation="https://maven.apache.org/surefire/maven-surefire-plugin/xsd/surefire-test-report.xsd" version="3.0.2" name="TestSuite" time="22.914" tests="1" errors="0" skipped="0" failures="0">
  <properties>
[...]
</properties>
  <testcase name="verify_account_registraction" classname="testCases.AccontRegistractionTest" time="2.02">
    <system-out><![CDATA[2024-11-14T02:22:38.940686400Z main INFO Starting configuration XmlConfiguration[location=E:\Automation\opencartV121\target\test-classes\log4j2.xml, lastModified=2024-10-26T10:32:13.540Z]...
2024-11-14T02:22:38.940686400Z main INFO Start watching for changes to E:\Automation\opencartV121\target\test-classes\log4j2.xml every 0 seconds
2024-11-14T02:22:38.940686400Z main INFO Configuration XmlConfiguration[location=E:\Automation\opencartV121\target\test-classes\log4j2.xml, lastModified=2024-10-26T10:32:13.540Z] started.
2024-11-14T02:22:38.940686400Z main INFO Stopping configuration org.apache.logging.log4j.core.config.DefaultConfiguration@57c758ac...
2024-11-14T02:22:38.940686400Z main INFO Configuration org.apache.logging.log4j.core.config.DefaultConfiguration@57c758ac stopped.
07:52:57.200 [main] INFO  testCases.AccontRegistractionTest - clicked on MyAccout link...
07:52:57.551 [main] INFO  testCases.AccontRegistractionTest - clicked on Register link...
07:52:57.560 [main] INFO  testCases.AccontRegistractionTest - providing customer details...
07:52:58.840 [main] INFO  testCases.AccontRegistractionTest - Finished Test cases......
]]></system-out>
    <system-err><![CDATA[Nov 14, 2024 7:52:41 AM org.openqa.selenium.devtools.CdpVersionFinder findNearestMatch
WARNING: Unable to find an exact match for CDP version 130, returning the closest version; found: 129; Please update to a Selenium version that supports CDP version 130
]]></system-err>
  </testcase>
</testsuite>