<?xml version="1.0" encoding="UTF-8"?>
<testng-results ignored="0" total="1" passed="1" failed="0" skipped="0">
  <reporter-output>
  </reporter-output>
  <suite started-at="2024-11-14T07:52:39 IST" name="MasterSuite" finished-at="2024-11-14T07:52:59 IST" duration-ms="20704">
    <groups>
      <group name="Sanity">
        <method signature="AccontRegistractionTest.verify_account_registraction()[pri:0, instance:testCases.AccontRegistractionTest@331acdad]" name="verify_account_registraction" class="testCases.AccontRegistractionTest"/>
      </group> <!-- Sanity -->
    </groups>
    <test started-at="2024-11-14T07:52:39 IST" name="Test" finished-at="2024-11-14T07:52:59 IST" duration-ms="20704">
      <class name="testCases.AccontRegistractionTest">
        <test-method is-config="true" signature="Setup(java.lang.String,java.lang.String)[pri:0, instance:testCases.AccontRegistractionTest@331acdad]" started-at="2024-11-14T07:52:39 IST" name="Setup" finished-at="2024-11-14T07:52:56 IST" duration-ms="17467" status="PASS">
          <params>
            <param index="0">
              <value>
                <![CDATA[Windows]]>
              </value>
            </param>
            <param index="1">
              <value>
                <![CDATA[chrome]]>
              </value>
            </param>
          </params>
          <reporter-output>
          </reporter-output>
        </test-method> <!-- Setup -->
        <test-method signature="verify_account_registraction()[pri:0, instance:testCases.AccontRegistractionTest@331acdad]" started-at="2024-11-14T07:52:56 IST" name="verify_account_registraction" finished-at="2024-11-14T07:52:58 IST" duration-ms="2004" status="PASS">
          <reporter-output>
          </reporter-output>
        </test-method> <!-- verify_account_registraction -->
        <test-method is-config="true" signature="teardown()[pri:0, instance:testCases.AccontRegistractionTest@331acdad]" started-at="2024-11-14T07:52:58 IST" name="teardown" finished-at="2024-11-14T07:52:59 IST" duration-ms="1021" status="PASS">
          <reporter-output>
          </reporter-output>
        </test-method> <!-- teardown -->
      </class> <!-- testCases.AccontRegistractionTest -->
    </test> <!-- Test -->
  </suite> <!-- MasterSuite -->
</testng-results>
