<?xml version="1.0" encoding="UTF-8"?>
<testng-results ignored="0" total="1" passed="1" failed="0" skipped="0">
  <reporter-output>
  </reporter-output>
  <suite started-at="2024-11-04T14:06:05 IST" name="MasterSuite" finished-at="2024-11-04T14:06:24 IST" duration-ms="18773">
    <groups>
      <group name="Sanity">
        <method signature="AccontRegistractionTest.verify_account_registraction()[pri:0, instance:testCases.AccontRegistractionTest@5911e990]" name="verify_account_registraction" class="testCases.AccontRegistractionTest"/>
      </group> <!-- Sanity -->
    </groups>
    <test started-at="2024-11-04T14:06:05 IST" name="Test" finished-at="2024-11-04T14:06:24 IST" duration-ms="18773">
      <class name="testCases.AccontRegistractionTest">
        <test-method is-config="true" signature="Setup(java.lang.String,java.lang.String)[pri:0, instance:testCases.AccontRegistractionTest@5911e990]" started-at="2024-11-04T14:06:05 IST" name="Setup" finished-at="2024-11-04T14:06:21 IST" duration-ms="16277" status="PASS">
          <params>
            <param index="0">
              <value>
                <![CDATA[Windows]]>
              </value>
            </param>
            <param index="1">
              <value>
                <![CDATA[chrome]]>
              </value>
            </param>
          </params>
          <reporter-output>
          </reporter-output>
        </test-method> <!-- Setup -->
        <test-method signature="verify_account_registraction()[pri:0, instance:testCases.AccontRegistractionTest@5911e990]" started-at="2024-11-04T14:06:21 IST" name="verify_account_registraction" finished-at="2024-11-04T14:06:23 IST" duration-ms="2121" status="PASS">
          <reporter-output>
          </reporter-output>
        </test-method> <!-- verify_account_registraction -->
        <test-method is-config="true" signature="teardown()[pri:0, instance:testCases.AccontRegistractionTest@5911e990]" started-at="2024-11-04T14:06:23 IST" name="teardown" finished-at="2024-11-04T14:06:24 IST" duration-ms="195" status="PASS">
          <reporter-output>
          </reporter-output>
        </test-method> <!-- teardown -->
      </class> <!-- testCases.AccontRegistractionTest -->
    </test> <!-- Test -->
  </suite> <!-- MasterSuite -->
</testng-results>
