<?xml version="1.0" encoding="UTF-8"?>
<!-- Generated by org.testng.reporters.JUnitXMLReporter -->
<testsuite ignored="1" hostname="LAPTOP-B7P4J8VT" failures="0" tests="1" name="Test" time="18.773" errors="0" timestamp="2024-11-04T14:06:24 IST">
  <testcase classname="testCases.AccontRegistractionTest" name="verify_account_registraction" time="2.121"/>
  <testcase classname="testCases.LoginTest" name="verifylogin" time="0.0">
    <ignored/>
  </testcase> <!-- verifylogin -->
</testsuite> <!-- Test -->
